2015/08/04 17:49:28 INFO  - jmeter.util.JMeterUtils: Setting Locale to en_IN 
2015/08/04 17:49:28 INFO  - jmeter.JMeter: Loading user properties from: /usr/share/jmeter/bin/user.properties 
2015/08/04 17:49:28 INFO  - jmeter.JMeter: Loading system properties from: /usr/share/jmeter/bin/system.properties 
2015/08/04 17:49:28 INFO  - jmeter.JMeter: Copyright (c) 1998-2012 The Apache Software Foundation 
2015/08/04 17:49:28 INFO  - jmeter.JMeter: Version 2.8.20130705 
2015/08/04 17:49:28 INFO  - jmeter.JMeter: java.version=1.8.0_45 
2015/08/04 17:49:28 INFO  - jmeter.JMeter: java.vm.name=Java HotSpot(TM) 64-Bit Server VM 
2015/08/04 17:49:28 INFO  - jmeter.JMeter: os.name=Linux 
2015/08/04 17:49:28 INFO  - jmeter.JMeter: os.arch=amd64 
2015/08/04 17:49:28 INFO  - jmeter.JMeter: os.version=3.13.0-32-generic 
2015/08/04 17:49:28 INFO  - jmeter.JMeter: file.encoding=UTF-8 
2015/08/04 17:49:28 INFO  - jmeter.JMeter: Default Locale=English (India) 
2015/08/04 17:49:28 INFO  - jmeter.JMeter: JMeter  Locale=English (India) 
2015/08/04 17:49:28 INFO  - jmeter.JMeter: JMeterHome=/usr/share/jmeter 
2015/08/04 17:49:28 INFO  - jmeter.JMeter: user.dir  =/home/stanly/Project/LoadGenerator 
2015/08/04 17:49:28 INFO  - jmeter.JMeter: PWD       =/home/stanly/Project/LoadGenerator 
2015/08/04 17:49:28 ERROR - jmeter.util.JMeterUtils: Unable to get local host IP address. 
2015/08/04 17:49:28 ERROR - jmeter.util.JMeterUtils: Unable to get local host IP address. 
2015/08/04 17:49:28 ERROR - jmeter.util.JMeterUtils: Unable to get local host IP address. 
2015/08/04 17:49:28 INFO  - jmeter.JMeter: IP: null Name: null FullName: null 
2015/08/04 17:49:28 INFO  - jmeter.JMeter: Loaded icon properties from org/apache/jmeter/images/icon.properties 
2015/08/04 17:49:29 INFO  - jmeter.engine.util.CompoundVariable: Note: Function class names must contain the string: '.functions.' 
2015/08/04 17:49:29 INFO  - jmeter.engine.util.CompoundVariable: Note: Function class names must not contain the string: '.gui.' 
2015/08/04 17:49:29 INFO  - jmeter.gui.action.LookAndFeelCommand: Using look and feel: javax.swing.plaf.metal.MetalLookAndFeel [Metal, CrossPlatform, System] 
2015/08/04 17:49:30 ERROR - kg.apc.jmeter.listener.GraphsGeneratorListenerBeanInfo: Error initializing component GraphGeneratorListener due to missing method, if your version is lower than 2.10, thisis expected to fail, if not check project dependencies 
2015/08/04 17:49:31 INFO  - jmeter.util.BSFTestElement: Registering JMeter version of JavaScript engine as work-round for BSF-22 
2015/08/04 17:49:31 INFO  - jmeter.protocol.http.sampler.HTTPSamplerBase: Cannot find .className property for htmlParser, using default 
2015/08/04 17:49:31 INFO  - jmeter.protocol.http.sampler.HTTPSamplerBase: Parser for text/html is  
2015/08/04 17:49:31 INFO  - jmeter.protocol.http.sampler.HTTPSamplerBase: Parser for application/xhtml+xml is  
2015/08/04 17:49:31 INFO  - jmeter.protocol.http.sampler.HTTPSamplerBase: Parser for application/xml is  
2015/08/04 17:49:31 INFO  - jmeter.protocol.http.sampler.HTTPSamplerBase: Parser for text/xml is  
2015/08/04 17:49:31 INFO  - jmeter.protocol.http.sampler.HTTPSamplerBase: Parser for text/vnd.wap.wml is org.apache.jmeter.protocol.http.parser.RegexpHTMLParser 
2015/08/04 17:49:31 INFO  - jmeter.protocol.http.sampler.HTTPSamplerBase: Reuse SSL session context on subsequent iterations: true 
2015/08/04 17:49:31 INFO  - jmeter.gui.util.MenuFactory: Skipping org.apache.jmeter.protocol.http.modifier.gui.ParamModifierGui 
2015/08/04 17:49:31 INFO  - jmeter.samplers.SampleResult: Note: Sample TimeStamps are START times 
2015/08/04 17:49:31 INFO  - jmeter.samplers.SampleResult: sampleresult.default.encoding is set to ISO-8859-1 
2015/08/04 17:49:31 INFO  - jmeter.samplers.SampleResult: sampleresult.useNanoTime=true 
2015/08/04 17:49:31 INFO  - jmeter.samplers.SampleResult: sampleresult.nanoThreadSleep=5000 
